This file contains any messages produced by compilers while
running configure, to aid debugging if configure makes a mistake.

It was created by libvtxml configure 0.5, which was
generated by GNU Autoconf 2.67.  Invocation command line was

  $ ./configure 

## --------- ##
## Platform. ##
## --------- ##

hostname = 54317hpv160211
uname -m = x86_64
uname -r = 2.6.35.8-ikhpv1
uname -s = Linux
uname -v = #5 SMP Mon Dec 20 16:30:57 CET 2010

/usr/bin/uname -p = unknown
/bin/uname -X     = unknown

/bin/arch              = unknown
/usr/bin/arch -k       = unknown
/usr/convex/getsysinfo = unknown
/usr/bin/hostinfo      = unknown
/bin/machine           = unknown
/usr/bin/oslevel       = unknown
/bin/universe          = unknown

PATH: /usr/local/sbin
PATH: /usr/local/bin
PATH: /usr/sbin
PATH: /usr/bin
PATH: /sbin
PATH: /bin


## ----------- ##
## Core tests. ##
## ----------- ##

configure:2211: checking for a BSD-compatible install
configure:2279: result: /usr/bin/install -c
configure:2290: checking whether build environment is sane
configure:2340: result: yes
configure:2481: checking for a thread-safe mkdir -p
configure:2520: result: /bin/mkdir -p
configure:2533: checking for gawk
configure:2563: result: no
configure:2533: checking for mawk
configure:2549: found /usr/bin/mawk
configure:2560: result: mawk
configure:2571: checking whether make sets $(MAKE)
configure:2593: result: yes
configure:2724: checking for gcc
configure:2740: found /usr/bin/gcc
configure:2751: result: gcc
configure:2980: checking for C compiler version
configure:2989: gcc --version >&5
gcc (Debian 4.4.5-8) 4.4.5
Copyright (C) 2010 Free Software Foundation, Inc.
This is free software; see the source for copying conditions.  There is NO
warranty; not even for MERCHANTABILITY or FITNESS FOR A PARTICULAR PURPOSE.

configure:3000: $? = 0
configure:2989: gcc -v >&5
Using built-in specs.
Target: x86_64-linux-gnu
Configured with: ../src/configure -v --with-pkgversion='Debian 4.4.5-8' --with-bugurl=file:///usr/share/doc/gcc-4.4/README.Bugs --enable-languages=c,c++,fortran,objc,obj-c++ --prefix=/usr --program-suffix=-4.4 --enable-shared --enable-multiarch --enable-linker-build-id --with-system-zlib --libexecdir=/usr/lib --without-included-gettext --enable-threads=posix --with-gxx-include-dir=/usr/include/c++/4.4 --libdir=/usr/lib --enable-nls --enable-clocale=gnu --enable-libstdcxx-debug --enable-objc-gc --with-arch-32=i586 --with-tune=generic --enable-checking=release --build=x86_64-linux-gnu --host=x86_64-linux-gnu --target=x86_64-linux-gnu
Thread model: posix
gcc version 4.4.5 (Debian 4.4.5-8) 
configure:3000: $? = 0
configure:2989: gcc -V >&5
gcc: '-V' option must have argument
configure:3000: $? = 1
configure:2989: gcc -qversion >&5
gcc: unrecognized option '-qversion'
gcc: no input files
configure:3000: $? = 1
configure:3020: checking whether the C compiler works
configure:3042: gcc    conftest.c  >&5
configure:3046: $? = 0
configure:3094: result: yes
configure:3097: checking for C compiler default output file name
configure:3099: result: a.out
configure:3105: checking for suffix of executables
configure:3112: gcc -o conftest    conftest.c  >&5
configure:3116: $? = 0
configure:3138: result: 
configure:3160: checking whether we are cross compiling
configure:3168: gcc -o conftest    conftest.c  >&5
configure:3172: $? = 0
configure:3179: ./conftest
configure:3183: $? = 0
configure:3198: result: no
configure:3203: checking for suffix of object files
configure:3225: gcc -c   conftest.c >&5
configure:3229: $? = 0
configure:3250: result: o
configure:3254: checking whether we are using the GNU C compiler
configure:3273: gcc -c   conftest.c >&5
configure:3273: $? = 0
configure:3282: result: yes
configure:3291: checking whether gcc accepts -g
configure:3311: gcc -c -g  conftest.c >&5
configure:3311: $? = 0
configure:3352: result: yes
configure:3369: checking for gcc option to accept ISO C89
configure:3433: gcc  -c -g -O2  conftest.c >&5
configure:3433: $? = 0
configure:3446: result: none needed
configure:3477: checking for style of include used by make
configure:3505: result: GNU
configure:3530: checking dependency style of gcc
configure:3640: result: gcc3
configure:3698: checking for ranlib
configure:3714: found /usr/bin/ranlib
configure:3725: result: ranlib
configure:3782: checking how to run the C preprocessor
configure:3813: gcc -E  conftest.c
configure:3813: $? = 0
configure:3827: gcc -E  conftest.c
conftest.c:11:28: error: ac_nonexistent.h: No such file or directory
configure:3827: $? = 1
configure: failed program was:
| /* confdefs.h */
| #define PACKAGE_NAME "libvtxml"
| #define PACKAGE_TARNAME "libvtxml"
| #define PACKAGE_VERSION "0.5"
| #define PACKAGE_STRING "libvtxml 0.5"
| #define PACKAGE_BUGREPORT "safchain@gmail.com"
| #define PACKAGE_URL ""
| #define PACKAGE "libvtxml"
| #define VERSION "0.5"
| /* end confdefs.h.  */
| #include <ac_nonexistent.h>
configure:3852: result: gcc -E
configure:3872: gcc -E  conftest.c
configure:3872: $? = 0
configure:3886: gcc -E  conftest.c
conftest.c:11:28: error: ac_nonexistent.h: No such file or directory
configure:3886: $? = 1
configure: failed program was:
| /* confdefs.h */
| #define PACKAGE_NAME "libvtxml"
| #define PACKAGE_TARNAME "libvtxml"
| #define PACKAGE_VERSION "0.5"
| #define PACKAGE_STRING "libvtxml 0.5"
| #define PACKAGE_BUGREPORT "safchain@gmail.com"
| #define PACKAGE_URL ""
| #define PACKAGE "libvtxml"
| #define VERSION "0.5"
| /* end confdefs.h.  */
| #include <ac_nonexistent.h>
configure:3915: checking for grep that handles long lines and -e
configure:3973: result: /bin/grep
configure:3978: checking for egrep
configure:4040: result: /bin/grep -E
configure:4045: checking for ANSI C header files
configure:4065: gcc -c -g -O2 -Wall -W -fno-strict-aliasing  conftest.c >&5
configure:4065: $? = 0
configure:4138: gcc -o conftest -g -O2 -Wall -W -fno-strict-aliasing   conftest.c  >&5
configure:4138: $? = 0
configure:4138: ./conftest
configure:4138: $? = 0
configure:4149: result: yes
configure:4162: checking for sys/types.h
configure:4162: gcc -c -g -O2 -Wall -W -fno-strict-aliasing  conftest.c >&5
configure:4162: $? = 0
configure:4162: result: yes
configure:4162: checking for sys/stat.h
configure:4162: gcc -c -g -O2 -Wall -W -fno-strict-aliasing  conftest.c >&5
configure:4162: $? = 0
configure:4162: result: yes
configure:4162: checking for stdlib.h
configure:4162: gcc -c -g -O2 -Wall -W -fno-strict-aliasing  conftest.c >&5
configure:4162: $? = 0
configure:4162: result: yes
configure:4162: checking for string.h
configure:4162: gcc -c -g -O2 -Wall -W -fno-strict-aliasing  conftest.c >&5
configure:4162: $? = 0
configure:4162: result: yes
configure:4162: checking for memory.h
configure:4162: gcc -c -g -O2 -Wall -W -fno-strict-aliasing  conftest.c >&5
configure:4162: $? = 0
configure:4162: result: yes
configure:4162: checking for strings.h
configure:4162: gcc -c -g -O2 -Wall -W -fno-strict-aliasing  conftest.c >&5
configure:4162: $? = 0
configure:4162: result: yes
configure:4162: checking for inttypes.h
configure:4162: gcc -c -g -O2 -Wall -W -fno-strict-aliasing  conftest.c >&5
configure:4162: $? = 0
configure:4162: result: yes
configure:4162: checking for stdint.h
configure:4162: gcc -c -g -O2 -Wall -W -fno-strict-aliasing  conftest.c >&5
configure:4162: $? = 0
configure:4162: result: yes
configure:4162: checking for unistd.h
configure:4162: gcc -c -g -O2 -Wall -W -fno-strict-aliasing  conftest.c >&5
configure:4162: $? = 0
configure:4162: result: yes
configure:4177: checking for stdlib.h
configure:4177: result: yes
configure:4177: checking for string.h
configure:4177: result: yes
configure:4177: checking for strings.h
configure:4177: result: yes
configure:4177: checking fcntl.h usability
configure:4177: gcc -c -g -O2 -Wall -W -fno-strict-aliasing  conftest.c >&5
configure:4177: $? = 0
configure:4177: result: yes
configure:4177: checking fcntl.h presence
configure:4177: gcc -E  conftest.c
configure:4177: $? = 0
configure:4177: result: yes
configure:4177: checking for fcntl.h
configure:4177: result: yes
configure:4177: checking for unistd.h
configure:4177: result: yes
configure:4177: checking limits.h usability
configure:4177: gcc -c -g -O2 -Wall -W -fno-strict-aliasing  conftest.c >&5
configure:4177: $? = 0
configure:4177: result: yes
configure:4177: checking limits.h presence
configure:4177: gcc -E  conftest.c
configure:4177: $? = 0
configure:4177: result: yes
configure:4177: checking for limits.h
configure:4177: result: yes
configure:4188: checking for inline
configure:4204: gcc -c -g -O2 -Wall -W -fno-strict-aliasing  conftest.c >&5
configure:4204: $? = 0
configure:4212: result: inline
configure:4230: checking for pid_t
configure:4230: gcc -c -g -O2 -Wall -W -fno-strict-aliasing  conftest.c >&5
configure:4230: $? = 0
configure:4230: gcc -c -g -O2 -Wall -W -fno-strict-aliasing  conftest.c >&5
conftest.c: In function 'main':
conftest.c:63: error: expected expression before ')' token
configure:4230: $? = 1
configure: failed program was:
| /* confdefs.h */
| #define PACKAGE_NAME "libvtxml"
| #define PACKAGE_TARNAME "libvtxml"
| #define PACKAGE_VERSION "0.5"
| #define PACKAGE_STRING "libvtxml 0.5"
| #define PACKAGE_BUGREPORT "safchain@gmail.com"
| #define PACKAGE_URL ""
| #define PACKAGE "libvtxml"
| #define VERSION "0.5"
| #define STDC_HEADERS 1
| #define HAVE_SYS_TYPES_H 1
| #define HAVE_SYS_STAT_H 1
| #define HAVE_STDLIB_H 1
| #define HAVE_STRING_H 1
| #define HAVE_MEMORY_H 1
| #define HAVE_STRINGS_H 1
| #define HAVE_INTTYPES_H 1
| #define HAVE_STDINT_H 1
| #define HAVE_UNISTD_H 1
| #define HAVE_STDLIB_H 1
| #define HAVE_STRING_H 1
| #define HAVE_STRINGS_H 1
| #define HAVE_FCNTL_H 1
| #define HAVE_UNISTD_H 1
| #define HAVE_LIMITS_H 1
| /* end confdefs.h.  */
| #include <stdio.h>
| #ifdef HAVE_SYS_TYPES_H
| # include <sys/types.h>
| #endif
| #ifdef HAVE_SYS_STAT_H
| # include <sys/stat.h>
| #endif
| #ifdef STDC_HEADERS
| # include <stdlib.h>
| # include <stddef.h>
| #else
| # ifdef HAVE_STDLIB_H
| #  include <stdlib.h>
| # endif
| #endif
| #ifdef HAVE_STRING_H
| # if !defined STDC_HEADERS && defined HAVE_MEMORY_H
| #  include <memory.h>
| # endif
| # include <string.h>
| #endif
| #ifdef HAVE_STRINGS_H
| # include <strings.h>
| #endif
| #ifdef HAVE_INTTYPES_H
| # include <inttypes.h>
| #endif
| #ifdef HAVE_STDINT_H
| # include <stdint.h>
| #endif
| #ifdef HAVE_UNISTD_H
| # include <unistd.h>
| #endif
| int
| main ()
| {
| if (sizeof ((pid_t)))
| 	    return 0;
|   ;
|   return 0;
| }
configure:4230: result: yes
configure:4243: checking vfork.h usability
configure:4243: gcc -c -g -O2 -Wall -W -fno-strict-aliasing  conftest.c >&5
conftest.c:60:19: error: vfork.h: No such file or directory
configure:4243: $? = 1
configure: failed program was:
| /* confdefs.h */
| #define PACKAGE_NAME "libvtxml"
| #define PACKAGE_TARNAME "libvtxml"
| #define PACKAGE_VERSION "0.5"
| #define PACKAGE_STRING "libvtxml 0.5"
| #define PACKAGE_BUGREPORT "safchain@gmail.com"
| #define PACKAGE_URL ""
| #define PACKAGE "libvtxml"
| #define VERSION "0.5"
| #define STDC_HEADERS 1
| #define HAVE_SYS_TYPES_H 1
| #define HAVE_SYS_STAT_H 1
| #define HAVE_STDLIB_H 1
| #define HAVE_STRING_H 1
| #define HAVE_MEMORY_H 1
| #define HAVE_STRINGS_H 1
| #define HAVE_INTTYPES_H 1
| #define HAVE_STDINT_H 1
| #define HAVE_UNISTD_H 1
| #define HAVE_STDLIB_H 1
| #define HAVE_STRING_H 1
| #define HAVE_STRINGS_H 1
| #define HAVE_FCNTL_H 1
| #define HAVE_UNISTD_H 1
| #define HAVE_LIMITS_H 1
| /* end confdefs.h.  */
| #include <stdio.h>
| #ifdef HAVE_SYS_TYPES_H
| # include <sys/types.h>
| #endif
| #ifdef HAVE_SYS_STAT_H
| # include <sys/stat.h>
| #endif
| #ifdef STDC_HEADERS
| # include <stdlib.h>
| # include <stddef.h>
| #else
| # ifdef HAVE_STDLIB_H
| #  include <stdlib.h>
| # endif
| #endif
| #ifdef HAVE_STRING_H
| # if !defined STDC_HEADERS && defined HAVE_MEMORY_H
| #  include <memory.h>
| # endif
| # include <string.h>
| #endif
| #ifdef HAVE_STRINGS_H
| # include <strings.h>
| #endif
| #ifdef HAVE_INTTYPES_H
| # include <inttypes.h>
| #endif
| #ifdef HAVE_STDINT_H
| # include <stdint.h>
| #endif
| #ifdef HAVE_UNISTD_H
| # include <unistd.h>
| #endif
| #include <vfork.h>
configure:4243: result: no
configure:4243: checking vfork.h presence
configure:4243: gcc -E  conftest.c
conftest.c:27:19: error: vfork.h: No such file or directory
configure:4243: $? = 1
configure: failed program was:
| /* confdefs.h */
| #define PACKAGE_NAME "libvtxml"
| #define PACKAGE_TARNAME "libvtxml"
| #define PACKAGE_VERSION "0.5"
| #define PACKAGE_STRING "libvtxml 0.5"
| #define PACKAGE_BUGREPORT "safchain@gmail.com"
| #define PACKAGE_URL ""
| #define PACKAGE "libvtxml"
| #define VERSION "0.5"
| #define STDC_HEADERS 1
| #define HAVE_SYS_TYPES_H 1
| #define HAVE_SYS_STAT_H 1
| #define HAVE_STDLIB_H 1
| #define HAVE_STRING_H 1
| #define HAVE_MEMORY_H 1
| #define HAVE_STRINGS_H 1
| #define HAVE_INTTYPES_H 1
| #define HAVE_STDINT_H 1
| #define HAVE_UNISTD_H 1
| #define HAVE_STDLIB_H 1
| #define HAVE_STRING_H 1
| #define HAVE_STRINGS_H 1
| #define HAVE_FCNTL_H 1
| #define HAVE_UNISTD_H 1
| #define HAVE_LIMITS_H 1
| /* end confdefs.h.  */
| #include <vfork.h>
configure:4243: result: no
configure:4243: checking for vfork.h
configure:4243: result: no
configure:4256: checking for fork
configure:4256: gcc -o conftest -g -O2 -Wall -W -fno-strict-aliasing   conftest.c  >&5
conftest.c:50: warning: conflicting types for built-in function 'fork'
configure:4256: $? = 0
configure:4256: result: yes
configure:4256: checking for vfork
configure:4256: gcc -o conftest -g -O2 -Wall -W -fno-strict-aliasing   conftest.c  >&5
configure:4256: $? = 0
configure:4256: result: yes
configure:4266: checking for working fork
configure:4288: gcc -o conftest -g -O2 -Wall -W -fno-strict-aliasing   conftest.c  >&5
configure:4288: $? = 0
configure:4288: ./conftest
configure:4288: $? = 0
configure:4298: result: yes
configure:4319: checking for working vfork
configure:4429: result: yes
configure:4456: checking for stdlib.h
configure:4456: result: yes
configure:4466: checking for GNU libc compatible realloc
configure:4490: gcc -o conftest -g -O2 -Wall -W -fno-strict-aliasing   conftest.c  >&5
configure:4490: $? = 0
configure:4490: ./conftest
configure:4490: $? = 0
configure:4500: result: yes
configure:4521: checking for pid_t
configure:4521: result: yes
configure:4532: checking for uid_t in sys/types.h
configure:4551: result: yes
configure:4563: checking for an ANSI C-conforming const
configure:4628: gcc -c -g -O2 -Wall -W -fno-strict-aliasing  conftest.c >&5
conftest.c: In function 'main':
conftest.c:62: warning: 't' is used uninitialized in this function
conftest.c:78: warning: 'b' is used uninitialized in this function
conftest.c:41: warning: 'cs[0]' is used uninitialized in this function
configure:4628: $? = 0
configure:4635: result: yes
configure:4646: checking for stdlib.h
configure:4646: result: yes
configure:4656: checking for GNU libc compatible malloc
configure:4680: gcc -o conftest -g -O2 -Wall -W -fno-strict-aliasing   conftest.c  >&5
configure:4680: $? = 0
configure:4680: ./conftest
configure:4680: $? = 0
configure:4690: result: yes
configure:4711: checking return type of signal handlers
configure:4729: gcc -c -g -O2 -Wall -W -fno-strict-aliasing  conftest.c >&5
conftest.c: In function 'main':
conftest.c:41: error: void value not ignored as it ought to be
configure:4729: $? = 1
configure: failed program was:
| /* confdefs.h */
| #define PACKAGE_NAME "libvtxml"
| #define PACKAGE_TARNAME "libvtxml"
| #define PACKAGE_VERSION "0.5"
| #define PACKAGE_STRING "libvtxml 0.5"
| #define PACKAGE_BUGREPORT "safchain@gmail.com"
| #define PACKAGE_URL ""
| #define PACKAGE "libvtxml"
| #define VERSION "0.5"
| #define STDC_HEADERS 1
| #define HAVE_SYS_TYPES_H 1
| #define HAVE_SYS_STAT_H 1
| #define HAVE_STDLIB_H 1
| #define HAVE_STRING_H 1
| #define HAVE_MEMORY_H 1
| #define HAVE_STRINGS_H 1
| #define HAVE_INTTYPES_H 1
| #define HAVE_STDINT_H 1
| #define HAVE_UNISTD_H 1
| #define HAVE_STDLIB_H 1
| #define HAVE_STRING_H 1
| #define HAVE_STRINGS_H 1
| #define HAVE_FCNTL_H 1
| #define HAVE_UNISTD_H 1
| #define HAVE_LIMITS_H 1
| #define HAVE_FORK 1
| #define HAVE_VFORK 1
| #define HAVE_WORKING_VFORK 1
| #define HAVE_WORKING_FORK 1
| #define HAVE_STDLIB_H 1
| #define HAVE_REALLOC 1
| #define HAVE_STDLIB_H 1
| #define HAVE_MALLOC 1
| /* end confdefs.h.  */
| #include <sys/types.h>
| #include <signal.h>
| 
| int
| main ()
| {
| return *(signal (0, 0)) (0) == 1;
|   ;
|   return 0;
| }
configure:4736: result: void
configure:4747: checking for memset
configure:4747: gcc -o conftest -g -O2 -Wall -W -fno-strict-aliasing   conftest.c  >&5
conftest.c:59: warning: conflicting types for built-in function 'memset'
configure:4747: $? = 0
configure:4747: result: yes
configure:4747: checking for strcasecmp
configure:4747: gcc -o conftest -g -O2 -Wall -W -fno-strict-aliasing   conftest.c  >&5
conftest.c:60: warning: conflicting types for built-in function 'strcasecmp'
configure:4747: $? = 0
configure:4747: result: yes
configure:4747: checking for strerror
configure:4747: gcc -o conftest -g -O2 -Wall -W -fno-strict-aliasing   conftest.c  >&5
configure:4747: $? = 0
configure:4747: result: yes
configure:4747: checking for strncasecmp
configure:4747: gcc -o conftest -g -O2 -Wall -W -fno-strict-aliasing   conftest.c  >&5
conftest.c:62: warning: conflicting types for built-in function 'strncasecmp'
configure:4747: $? = 0
configure:4747: result: yes
configure:4747: checking for strtol
configure:4747: gcc -o conftest -g -O2 -Wall -W -fno-strict-aliasing   conftest.c  >&5
configure:4747: $? = 0
configure:4747: result: yes
configure:4747: checking for strdup
configure:4747: gcc -o conftest -g -O2 -Wall -W -fno-strict-aliasing   conftest.c  >&5
conftest.c:64: warning: conflicting types for built-in function 'strdup'
configure:4747: $? = 0
configure:4747: result: yes
configure:4747: checking for dup2
configure:4747: gcc -o conftest -g -O2 -Wall -W -fno-strict-aliasing   conftest.c  >&5
configure:4747: $? = 0
configure:4747: result: yes
configure:4747: checking for strstr
configure:4747: gcc -o conftest -g -O2 -Wall -W -fno-strict-aliasing   conftest.c  >&5
conftest.c:66: warning: conflicting types for built-in function 'strstr'
configure:4747: $? = 0
configure:4747: result: yes
configure:4880: creating ./config.status

## ---------------------- ##
## Running config.status. ##
## ---------------------- ##

This file was extended by libvtxml config.status 0.5, which was
generated by GNU Autoconf 2.67.  Invocation command line was

  CONFIG_FILES    = 
  CONFIG_HEADERS  = 
  CONFIG_LINKS    = 
  CONFIG_COMMANDS = 
  $ ./config.status 

on 54317hpv160211

config.status:881: creating Makefile
config.status:881: creating src/Makefile
config.status:881: creating config.h
config.status:1109: executing depfiles commands

## ---------------- ##
## Cache variables. ##
## ---------------- ##

ac_cv_c_compiler_gnu=yes
ac_cv_c_const=yes
ac_cv_c_inline=inline
ac_cv_env_CC_set=
ac_cv_env_CC_value=
ac_cv_env_CFLAGS_set=
ac_cv_env_CFLAGS_value=
ac_cv_env_CPPFLAGS_set=
ac_cv_env_CPPFLAGS_value=
ac_cv_env_CPP_set=
ac_cv_env_CPP_value=
ac_cv_env_LDFLAGS_set=
ac_cv_env_LDFLAGS_value=
ac_cv_env_LIBS_set=
ac_cv_env_LIBS_value=
ac_cv_env_build_alias_set=
ac_cv_env_build_alias_value=
ac_cv_env_host_alias_set=
ac_cv_env_host_alias_value=
ac_cv_env_target_alias_set=
ac_cv_env_target_alias_value=
ac_cv_func_dup2=yes
ac_cv_func_fork=yes
ac_cv_func_fork_works=yes
ac_cv_func_malloc_0_nonnull=yes
ac_cv_func_memset=yes
ac_cv_func_realloc_0_nonnull=yes
ac_cv_func_strcasecmp=yes
ac_cv_func_strdup=yes
ac_cv_func_strerror=yes
ac_cv_func_strncasecmp=yes
ac_cv_func_strstr=yes
ac_cv_func_strtol=yes
ac_cv_func_vfork=yes
ac_cv_func_vfork_works=yes
ac_cv_header_fcntl_h=yes
ac_cv_header_inttypes_h=yes
ac_cv_header_limits_h=yes
ac_cv_header_memory_h=yes
ac_cv_header_stdc=yes
ac_cv_header_stdint_h=yes
ac_cv_header_stdlib_h=yes
ac_cv_header_string_h=yes
ac_cv_header_strings_h=yes
ac_cv_header_sys_stat_h=yes
ac_cv_header_sys_types_h=yes
ac_cv_header_unistd_h=yes
ac_cv_header_vfork_h=no
ac_cv_objext=o
ac_cv_path_EGREP='/bin/grep -E'
ac_cv_path_GREP=/bin/grep
ac_cv_path_install='/usr/bin/install -c'
ac_cv_path_mkdir=/bin/mkdir
ac_cv_prog_AWK=mawk
ac_cv_prog_CPP='gcc -E'
ac_cv_prog_ac_ct_CC=gcc
ac_cv_prog_ac_ct_RANLIB=ranlib
ac_cv_prog_cc_c89=
ac_cv_prog_cc_g=yes
ac_cv_prog_make_make_set=yes
ac_cv_type_pid_t=yes
ac_cv_type_signal=void
ac_cv_type_uid_t=yes
am_cv_CC_dependencies_compiler_type=gcc3

## ----------------- ##
## Output variables. ##
## ----------------- ##

ACLOCAL='${SHELL} /root/libvtxml/missing --run aclocal-1.11'
AMDEPBACKSLASH='\'
AMDEP_FALSE='#'
AMDEP_TRUE=''
AMTAR='${SHELL} /root/libvtxml/missing --run tar'
AUTOCONF='${SHELL} /root/libvtxml/missing --run autoconf'
AUTOHEADER='${SHELL} /root/libvtxml/missing --run autoheader'
AUTOMAKE='${SHELL} /root/libvtxml/missing --run automake-1.11'
AWK='mawk'
CC='gcc'
CCDEPMODE='depmode=gcc3'
CFLAGS='-g -O2 -Wall -W -fno-strict-aliasing'
CPP='gcc -E'
CPPFLAGS=''
CYGPATH_W='echo'
DEFS='-DHAVE_CONFIG_H'
DEPDIR='.deps'
ECHO_C=''
ECHO_N='-n'
ECHO_T=''
EGREP='/bin/grep -E'
EXEEXT=''
GREP='/bin/grep'
INSTALL_DATA='${INSTALL} -m 644'
INSTALL_PROGRAM='${INSTALL}'
INSTALL_SCRIPT='${INSTALL}'
INSTALL_STRIP_PROGRAM='$(install_sh) -c -s'
LDFLAGS=''
LIBOBJS=''
LIBS=''
LTLIBOBJS=''
MAKEINFO='${SHELL} /root/libvtxml/missing --run makeinfo'
MKDIR_P='/bin/mkdir -p'
OBJEXT='o'
PACKAGE='libvtxml'
PACKAGE_BUGREPORT='safchain@gmail.com'
PACKAGE_NAME='libvtxml'
PACKAGE_STRING='libvtxml 0.5'
PACKAGE_TARNAME='libvtxml'
PACKAGE_URL=''
PACKAGE_VERSION='0.5'
PATH_SEPARATOR=':'
RANLIB='ranlib'
SET_MAKE=''
SHELL='/bin/bash'
STRIP=''
VERSION='0.5'
ac_ct_CC='gcc'
am__EXEEXT_FALSE=''
am__EXEEXT_TRUE='#'
am__fastdepCC_FALSE='#'
am__fastdepCC_TRUE=''
am__include='include'
am__isrc=''
am__leading_dot='.'
am__quote=''
am__tar='${AMTAR} chof - "$$tardir"'
am__untar='${AMTAR} xf -'
bindir='${exec_prefix}/bin'
build_alias=''
datadir='${datarootdir}'
datarootdir='${prefix}/share'
docdir='${datarootdir}/doc/${PACKAGE_TARNAME}'
dvidir='${docdir}'
exec_prefix='${prefix}'
host_alias=''
htmldir='${docdir}'
includedir='${prefix}/include'
infodir='${datarootdir}/info'
install_sh='${SHELL} /root/libvtxml/install-sh'
libdir='${exec_prefix}/lib'
libexecdir='${exec_prefix}/libexec'
localedir='${datarootdir}/locale'
localstatedir='${prefix}/var'
mandir='${datarootdir}/man'
mkdir_p='/bin/mkdir -p'
oldincludedir='/usr/include'
pdfdir='${docdir}'
prefix='/usr/local'
program_transform_name='s,x,x,'
psdir='${docdir}'
sbindir='${exec_prefix}/sbin'
sharedstatedir='${prefix}/com'
sysconfdir='${prefix}/etc'
target_alias=''

## ----------- ##
## confdefs.h. ##
## ----------- ##

/* confdefs.h */
#define PACKAGE_NAME "libvtxml"
#define PACKAGE_TARNAME "libvtxml"
#define PACKAGE_VERSION "0.5"
#define PACKAGE_STRING "libvtxml 0.5"
#define PACKAGE_BUGREPORT "safchain@gmail.com"
#define PACKAGE_URL ""
#define PACKAGE "libvtxml"
#define VERSION "0.5"
#define STDC_HEADERS 1
#define HAVE_SYS_TYPES_H 1
#define HAVE_SYS_STAT_H 1
#define HAVE_STDLIB_H 1
#define HAVE_STRING_H 1
#define HAVE_MEMORY_H 1
#define HAVE_STRINGS_H 1
#define HAVE_INTTYPES_H 1
#define HAVE_STDINT_H 1
#define HAVE_UNISTD_H 1
#define HAVE_STDLIB_H 1
#define HAVE_STRING_H 1
#define HAVE_STRINGS_H 1
#define HAVE_FCNTL_H 1
#define HAVE_UNISTD_H 1
#define HAVE_LIMITS_H 1
#define HAVE_FORK 1
#define HAVE_VFORK 1
#define HAVE_WORKING_VFORK 1
#define HAVE_WORKING_FORK 1
#define HAVE_STDLIB_H 1
#define HAVE_REALLOC 1
#define HAVE_STDLIB_H 1
#define HAVE_MALLOC 1
#define RETSIGTYPE void
#define HAVE_MEMSET 1
#define HAVE_STRCASECMP 1
#define HAVE_STRERROR 1
#define HAVE_STRNCASECMP 1
#define HAVE_STRTOL 1
#define HAVE_STRDUP 1
#define HAVE_DUP2 1
#define HAVE_STRSTR 1

configure: exit 0

## ---------------------- ##
## Running config.status. ##
## ---------------------- ##

This file was extended by libvtxml config.status 0.5, which was
generated by GNU Autoconf 2.67.  Invocation command line was

  CONFIG_FILES    = 
  CONFIG_HEADERS  = 
  CONFIG_LINKS    = 
  CONFIG_COMMANDS = 
  $ ./config.status Makefile

on 54317hpv160211

config.status:881: creating Makefile

## ---------------------- ##
## Running config.status. ##
## ---------------------- ##

This file was extended by libvtxml config.status 0.5, which was
generated by GNU Autoconf 2.67.  Invocation command line was

  CONFIG_FILES    = 
  CONFIG_HEADERS  = 
  CONFIG_LINKS    = 
  CONFIG_COMMANDS = 
  $ ./config.status src/Makefile depfiles

on 54317hpv160211

config.status:881: creating src/Makefile
config.status:1109: executing depfiles commands
